[ERROR] 数据库连接失败
[ERROR] 支付回调异常
[ERROR] Redis 连接超时，尝试重连中...
[ERROR] 文件上传失败: 文件过大 (15MB)
[ERROR] JWT token 验证失败
[ERROR] 支付网关不可用，降级处理
[ERROR] 数据库查询超时 (30s)
[ERROR] CSV 解析错误: 第 102 行格式错误
[ERROR] 外部服务调用失败: payment_service
[ERROR] 数据完整性校验失败
[ERROR] 内存泄漏检测，模块: auth_service
[ERROR] 队列消息处理失败，重试次数: 3/5
[ERROR] 邮件服务连接失败
[ERROR] JSON 解析错误: Unexpected token
[ERROR] 数据库死锁检测，回滚事务
[ERROR] 文件权限错误: /var/log/app.log
[ERROR] API Gateway 超时
[ERROR] 域名解析失败: api.backup.com
[ERROR] 数据一致性检查失败
[ERROR] WebSocket 连接异常断开
[ERROR] 交易验证失败: 签名不匹配
[ERROR] 支付渠道不可用: alipay
[ERROR] 缓存雪崩检测
[ERROR] 定时任务执行失败: job: cleanup_temp
[ERROR] 主从同步延迟，lag: 5s
[ERROR] 数据库连接池耗尽
[ERROR] Token 刷新失败: refresh_token无效
[ERROR] 数据库连接失败
[ERROR] 支付回调异常
[ERROR] Redis 连接超时，尝试重连中...
[ERROR] 文件上传失败: 文件过大 (15MB)
[ERROR] JWT token 验证失败
[ERROR] 支付网关不可用，降级处理
[ERROR] 数据库查询超时 (30s)
[ERROR] CSV 解析错误: 第 102 行格式错误
[ERROR] 外部服务调用失败: payment_service
[ERROR] 数据完整性校验失败
[ERROR] 内存泄漏检测，模块: auth_service
[ERROR] 队列消息处理失败，重试次数: 3/5
[ERROR] 邮件服务连接失败
[ERROR] JSON 解析错误: Unexpected token
[ERROR] 数据库死锁检测，回滚事务
[ERROR] 文件权限错误: /var/log/app.log
[ERROR] API Gateway 超时
[ERROR] 域名解析失败: api.backup.com
[ERROR] 数据一致性检查失败
[ERROR] WebSocket 连接异常断开
[ERROR] 交易验证失败: 签名不匹配
[ERROR] 支付渠道不可用: alipay
[ERROR] 缓存雪崩检测
[ERROR] 定时任务执行失败: job: cleanup_temp
[ERROR] 主从同步延迟，lag: 5s
[ERROR] 数据库连接池耗尽
[ERROR] Token 刷新失败: refresh_token无效
[ERROR] 数据库连接失败
[ERROR] 支付回调异常
[ERROR] Redis 连接超时，尝试重连中...
[ERROR] 文件上传失败: 文件过大 (15MB)
[ERROR] JWT token 验证失败
[ERROR] 支付网关不可用，降级处理
[ERROR] 数据库查询超时 (30s)
[ERROR] CSV 解析错误: 第 102 行格式错误
[ERROR] 外部服务调用失败: payment_service
[ERROR] 数据完整性校验失败
[ERROR] 内存泄漏检测，模块: auth_service
[ERROR] 队列消息处理失败，重试次数: 3/5
[ERROR] 邮件服务连接失败
[ERROR] JSON 解析错误: Unexpected token
[ERROR] 数据库死锁检测，回滚事务
[ERROR] 文件权限错误: /var/log/app.log
[ERROR] API Gateway 超时
[ERROR] 域名解析失败: api.backup.com
[ERROR] 数据一致性检查失败
[ERROR] WebSocket 连接异常断开
[ERROR] 交易验证失败: 签名不匹配
[ERROR] 支付渠道不可用: alipay
[ERROR] 缓存雪崩检测
[ERROR] 定时任务执行失败: job: cleanup_temp
[ERROR] 主从同步延迟，lag: 5s
[ERROR] 数据库连接池耗尽
[ERROR] Token 刷新失败: refresh_token无效
[ERROR] 数据库连接失败
[ERROR] 支付回调异常
[ERROR] Redis 连接超时，尝试重连中...
[ERROR] 文件上传失败: 文件过大 (15MB)
[ERROR] JWT token 验证失败
[ERROR] 支付网关不可用，降级处理
[ERROR] 数据库查询超时 (30s)
[ERROR] CSV 解析错误: 第 102 行格式错误
[ERROR] 外部服务调用失败: payment_service
[ERROR] 数据完整性校验失败
[ERROR] 内存泄漏检测，模块: auth_service
[ERROR] 队列消息处理失败，重试次数: 3/5
[ERROR] 邮件服务连接失败
[ERROR] JSON 解析错误: Unexpected token
[ERROR] 数据库死锁检测，回滚事务
[ERROR] 文件权限错误: /var/log/app.log
[ERROR] API Gateway 超时
[ERROR] 域名解析失败: api.backup.com
[ERROR] 数据一致性检查失败
[ERROR] WebSocket 连接异常断开
[ERROR] 交易验证失败: 签名不匹配
[ERROR] 支付渠道不可用: alipay
[ERROR] 缓存雪崩检测
[ERROR] 定时任务执行失败: job: cleanup_temp
[ERROR] 主从同步延迟，lag: 5s
[ERROR] 数据库连接池耗尽
[ERROR] Token 刷新失败: refresh_token无效
[ERROR] 数据库连接失败
[ERROR] 支付回调异常
[ERROR] Redis 连接超时，尝试重连中...
[ERROR] 文件上传失败: 文件过大 (15MB)
[ERROR] JWT token 验证失败
[ERROR] 支付网关不可用，降级处理
[ERROR] 数据库查询超时 (30s)
[ERROR] CSV 解析错误: 第 102 行格式错误
[ERROR] 外部服务调用失败: payment_service
[ERROR] 数据完整性校验失败
[ERROR] 内存泄漏检测，模块: auth_service
[ERROR] 队列消息处理失败，重试次数: 3/5
[ERROR] 邮件服务连接失败
[ERROR] JSON 解析错误: Unexpected token
[ERROR] 数据库死锁检测，回滚事务
[ERROR] 文件权限错误: /var/log/app.log
[ERROR] API Gateway 超时
[ERROR] 域名解析失败: api.backup.com
[ERROR] 数据一致性检查失败
[ERROR] WebSocket 连接异常断开
[ERROR] 交易验证失败: 签名不匹配
[ERROR] 支付渠道不可用: alipay
[ERROR] 缓存雪崩检测
[ERROR] 定时任务执行失败: job: cleanup_temp
[ERROR] 主从同步延迟，lag: 5s
[ERROR] 数据库连接池耗尽
[ERROR] Token 刷新失败: refresh_token无效
[ERROR] 数据库连接失败
[ERROR] 支付回调异常
[ERROR] Redis 连接超时，尝试重连中...
[ERROR] 文件上传失败: 文件过大 (15MB)
[ERROR] JWT token 验证失败
[ERROR] 支付网关不可用，降级处理
[ERROR] 数据库查询超时 (30s)
[ERROR] CSV 解析错误: 第 102 行格式错误
[ERROR] 外部服务调用失败: payment_service
[ERROR] 数据完整性校验失败
[ERROR] 内存泄漏检测，模块: auth_service
[ERROR] 队列消息处理失败，重试次数: 3/5
[ERROR] 邮件服务连接失败
[ERROR] JSON 解析错误: Unexpected token
[ERROR] 数据库死锁检测，回滚事务
[ERROR] 文件权限错误: /var/log/app.log
[ERROR] API Gateway 超时
[ERROR] 域名解析失败: api.backup.com
[ERROR] 数据一致性检查失败
[ERROR] WebSocket 连接异常断开
[ERROR] 交易验证失败: 签名不匹配
[ERROR] 支付渠道不可用: alipay
[ERROR] 缓存雪崩检测
[ERROR] 定时任务执行失败: job: cleanup_temp
[ERROR] 主从同步延迟，lag: 5s
[ERROR] 数据库连接池耗尽
[ERROR] Token 刷新失败: refresh_token无效
